Started GET "/" for ::1 at 2016-08-10 22:19:56 -0500
Processing by Rails::WelcomeController#index as HTML
  Parameters: {"internal"=>true}
  Rendering /Users/jppistella/.rvm/gems/ruby-2.2.2@global/gems/railties-5.0.0/lib/rails/templates/rails/welcome/index.html.erb
  Rendered /Users/jppistella/.rvm/gems/ruby-2.2.2@global/gems/railties-5.0.0/lib/rails/templates/rails/welcome/index.html.erb (5.8ms)
Completed 200 OK in 85ms (Views: 31.2ms | ActiveRecord: 0.0ms)


Started GET "/" for ::1 at 2016-08-10 22:34:17 -0500
Processing by ApplicationController#hello as HTML
  Rendering html template
  Rendered html template (0.0ms)
Completed 200 OK in 55ms (Views: 54.7ms | ActiveRecord: 0.0ms)


Started GET "/" for ::1 at 2016-08-10 22:34:41 -0500
Processing by ApplicationController#hello as HTML
  Rendering html template
  Rendered html template (0.0ms)
Completed 200 OK in 1ms (Views: 0.8ms | ActiveRecord: 0.0ms)


Started GET "/" for ::1 at 2016-08-10 22:35:22 -0500
Processing by ApplicationController#hello as HTML
  Rendering html template
  Rendered html template (0.0ms)
Completed 200 OK in 1ms (Views: 0.6ms | ActiveRecord: 0.0ms)


Started GET "/" for ::1 at 2016-08-10 22:36:29 -0500
Processing by ApplicationController#goodbye as HTML
  Rendering html template
  Rendered html template (0.0ms)
Completed 200 OK in 1ms (Views: 0.8ms | ActiveRecord: 0.0ms)


Started GET "/" for ::1 at 2016-08-14 11:05:58 -0500
Processing by ApplicationController#goodbye as HTML
  Rendering html template
  Rendered html template (0.1ms)
Completed 200 OK in 2ms (Views: 1.1ms | ActiveRecord: 0.0ms)


Started GET "/" for ::1 at 2016-08-14 11:47:42 -0500
Processing by ApplicationController#goodbye as HTML
  Rendering html template
  Rendered html template (0.0ms)
Completed 200 OK in 76ms (Views: 48.3ms | ActiveRecord: 0.0ms)


